[RESOLVER]12:16:31.646991 resolver_server.go:151: server listening at [::]:3000
[RESOLVER]12:16:31.647191 resolver_server.go:152: server going to listen at 3000
[RESOLVER]12:22:23.290197 resolver_server.go:115: Received: {"TransactionID":"93652742","PaymentID":"1","Type":"resolve"}
[RESOLVER]12:22:23.290638 resolver_server.go:86: Processing message: {"TransactionID":"93652742","PaymentID":"1","Type":"resolve"}
[RESOLVER]12:22:23.290223 resolver_server.go:115: Received: {"TransactionID":"93652742","PaymentID":"2","Type":"resolve"}
[RESOLVER]12:22:23.291364 resolver_server.go:86: Processing message: {"TransactionID":"93652742","PaymentID":"2","Type":"resolve"}
[RESOLVER]12:22:23.296087 resolver_server.go:121: Sending: {"TransactionID":"93652742","PaymentID":"1","Status":"found","AccountNumber":"12345678901","IFSCCode":"IFSC0001","HolderName":"Holder1"}
[RESOLVER]12:22:23.296327 resolver_server.go:121: Sending: {"TransactionID":"93652742","PaymentID":"2","Status":"found","AccountNumber":"12345678902","IFSCCode":"IFSC0002","HolderName":"Holder2"}
[RESOLVER]12:22:47.533200 resolver_server.go:115: Received: {"TransactionID":"22405484","PaymentID":"2","Type":"resolve"}
[RESOLVER]12:22:47.533956 resolver_server.go:86: Processing message: {"TransactionID":"22405484","PaymentID":"2","Type":"resolve"}
[RESOLVER]12:22:47.533636 resolver_server.go:115: Received: {"TransactionID":"22405484","PaymentID":"1","Type":"resolve"}
[RESOLVER]12:22:47.534781 resolver_server.go:86: Processing message: {"TransactionID":"22405484","PaymentID":"1","Type":"resolve"}
[RESOLVER]12:22:47.535704 resolver_server.go:121: Sending: {"TransactionID":"22405484","PaymentID":"2","Status":"found","AccountNumber":"12345678902","IFSCCode":"IFSC0002","HolderName":"Holder2"}
[RESOLVER]12:22:47.535982 resolver_server.go:121: Sending: {"TransactionID":"22405484","PaymentID":"1","Status":"found","AccountNumber":"12345678901","IFSCCode":"IFSC0001","HolderName":"Holder1"}
[RESOLVER]12:27:54.430007 resolver_server.go:115: Received: {"TransactionID":"84223634","PaymentID":"2","Type":"resolve"}
[RESOLVER]12:27:54.430719 resolver_server.go:86: Processing message: {"TransactionID":"84223634","PaymentID":"2","Type":"resolve"}
[RESOLVER]12:27:54.430007 resolver_server.go:115: Received: {"TransactionID":"84223634","PaymentID":"1","Type":"resolve"}
[RESOLVER]12:27:54.431255 resolver_server.go:86: Processing message: {"TransactionID":"84223634","PaymentID":"1","Type":"resolve"}
[RESOLVER]12:27:54.432080 resolver_server.go:121: Sending: {"TransactionID":"84223634","PaymentID":"1","Status":"found","AccountNumber":"12345678901","IFSCCode":"IFSC0001","HolderName":"Holder1"}
[RESOLVER]12:27:54.432190 resolver_server.go:121: Sending: {"TransactionID":"84223634","PaymentID":"2","Status":"found","AccountNumber":"12345678902","IFSCCode":"IFSC0002","HolderName":"Holder2"}
[RESOLVER]12:27:59.560525 resolver_server.go:115: Received: {"TransactionID":"48875691","PaymentID":"1","Type":"resolve"}
[RESOLVER]12:27:59.561671 resolver_server.go:86: Processing message: {"TransactionID":"48875691","PaymentID":"1","Type":"resolve"}
[RESOLVER]12:27:59.560592 resolver_server.go:115: Received: {"TransactionID":"48875691","PaymentID":"2","Type":"resolve"}
[RESOLVER]12:27:59.562185 resolver_server.go:86: Processing message: {"TransactionID":"48875691","PaymentID":"2","Type":"resolve"}
[RESOLVER]12:27:59.563344 resolver_server.go:121: Sending: {"TransactionID":"48875691","PaymentID":"2","Status":"found","AccountNumber":"12345678902","IFSCCode":"IFSC0002","HolderName":"Holder2"}
[RESOLVER]12:27:59.563655 resolver_server.go:121: Sending: {"TransactionID":"48875691","PaymentID":"1","Status":"found","AccountNumber":"12345678901","IFSCCode":"IFSC0001","HolderName":"Holder1"}
[RESOLVER]12:44:44.138679 resolver_server.go:115: Received: {"TransactionID":"55168313","PaymentID":"2","Type":"resolve"}
[RESOLVER]12:44:44.139229 resolver_server.go:86: Processing message: {"TransactionID":"55168313","PaymentID":"2","Type":"resolve"}
[RESOLVER]12:44:44.141105 resolver_server.go:121: Sending: {"TransactionID":"55168313","PaymentID":"2","Status":"found","AccountNumber":"12345678902","IFSCCode":"IFSC0002","HolderName":"Holder2"}
[RESOLVER]12:44:44.179997 resolver_server.go:115: Received: {"TransactionID":"55168313","PaymentID":"1","Type":"resolve"}
[RESOLVER]12:44:44.180246 resolver_server.go:86: Processing message: {"TransactionID":"55168313","PaymentID":"1","Type":"resolve"}
[RESOLVER]12:44:44.183296 resolver_server.go:121: Sending: {"TransactionID":"55168313","PaymentID":"1","Status":"found","AccountNumber":"12345678901","IFSCCode":"IFSC0001","HolderName":"Holder1"}
[RESOLVER]12:44:46.788491 resolver_server.go:115: Received: {"TransactionID":"90839337","PaymentID":"2","Type":"resolve"}
[RESOLVER]12:44:46.788990 resolver_server.go:86: Processing message: {"TransactionID":"90839337","PaymentID":"2","Type":"resolve"}
[RESOLVER]12:44:46.788576 resolver_server.go:115: Received: {"TransactionID":"90839337","PaymentID":"1","Type":"resolve"}
[RESOLVER]12:44:46.789611 resolver_server.go:86: Processing message: {"TransactionID":"90839337","PaymentID":"1","Type":"resolve"}
[RESOLVER]12:44:46.790275 resolver_server.go:121: Sending: {"TransactionID":"90839337","PaymentID":"2","Status":"found","AccountNumber":"12345678902","IFSCCode":"IFSC0002","HolderName":"Holder2"}
[RESOLVER]12:44:46.790498 resolver_server.go:121: Sending: {"TransactionID":"90839337","PaymentID":"1","Status":"found","AccountNumber":"12345678901","IFSCCode":"IFSC0001","HolderName":"Holder1"}
[RESOLVER]12:46:53.400269 resolver_server.go:115: Received: {"TransactionID":"64874592","PaymentID":"2","Type":"resolve"}
[RESOLVER]12:46:53.400900 resolver_server.go:86: Processing message: {"TransactionID":"64874592","PaymentID":"2","Type":"resolve"}
[RESOLVER]12:46:53.400303 resolver_server.go:115: Received: {"TransactionID":"64874592","PaymentID":"1","Type":"resolve"}
[RESOLVER]12:46:53.401280 resolver_server.go:86: Processing message: {"TransactionID":"64874592","PaymentID":"1","Type":"resolve"}
[RESOLVER]12:46:53.401887 resolver_server.go:121: Sending: {"TransactionID":"64874592","PaymentID":"1","Status":"found","AccountNumber":"12345678901","IFSCCode":"IFSC0001","HolderName":"Holder1"}
[RESOLVER]12:46:53.401954 resolver_server.go:121: Sending: {"TransactionID":"64874592","PaymentID":"2","Status":"found","AccountNumber":"12345678902","IFSCCode":"IFSC0002","HolderName":"Holder2"}
[RESOLVER]12:46:59.721349 resolver_server.go:115: Received: {"TransactionID":"94626685","PaymentID":"2","Type":"resolve"}
[RESOLVER]12:46:59.721655 resolver_server.go:86: Processing message: {"TransactionID":"94626685","PaymentID":"2","Type":"resolve"}
[RESOLVER]12:46:59.721442 resolver_server.go:115: Received: {"TransactionID":"94626685","PaymentID":"1","Type":"resolve"}
[RESOLVER]12:46:59.722461 resolver_server.go:86: Processing message: {"TransactionID":"94626685","PaymentID":"1","Type":"resolve"}
[RESOLVER]12:46:59.723595 resolver_server.go:121: Sending: {"TransactionID":"94626685","PaymentID":"1","Status":"found","AccountNumber":"12345678901","IFSCCode":"IFSC0001","HolderName":"Holder1"}
[RESOLVER]12:46:59.723783 resolver_server.go:121: Sending: {"TransactionID":"94626685","PaymentID":"2","Status":"found","AccountNumber":"12345678902","IFSCCode":"IFSC0002","HolderName":"Holder2"}
[RESOLVER]12:48:55.320222 resolver_server.go:115: Received: {"TransactionID":"85869199","PaymentID":"1","Type":"resolve"}
[RESOLVER]12:48:55.325801 resolver_server.go:86: Processing message: {"TransactionID":"85869199","PaymentID":"1","Type":"resolve"}
[RESOLVER]12:48:55.460240 resolver_server.go:115: Received: {"TransactionID":"85869199","PaymentID":"2","Type":"resolve"}
[RESOLVER]12:48:55.525366 resolver_server.go:86: Processing message: {"TransactionID":"85869199","PaymentID":"2","Type":"resolve"}
[RESOLVER]12:48:55.583531 resolver_server.go:121: Sending: {"TransactionID":"85869199","PaymentID":"1","Status":"found","AccountNumber":"12345678901","IFSCCode":"IFSC0001","HolderName":"Holder1"}
[RESOLVER]12:48:55.584147 resolver_server.go:121: Sending: {"TransactionID":"85869199","PaymentID":"2","Status":"found","AccountNumber":"12345678902","IFSCCode":"IFSC0002","HolderName":"Holder2"}
[RESOLVER]12:48:57.623493 resolver_server.go:115: Received: {"TransactionID":"65075317","PaymentID":"1","Type":"resolve"}
[RESOLVER]12:48:57.624011 resolver_server.go:86: Processing message: {"TransactionID":"65075317","PaymentID":"1","Type":"resolve"}
[RESOLVER]12:48:57.623617 resolver_server.go:115: Received: {"TransactionID":"65075317","PaymentID":"2","Type":"resolve"}
[RESOLVER]12:48:57.624614 resolver_server.go:86: Processing message: {"TransactionID":"65075317","PaymentID":"2","Type":"resolve"}
[RESOLVER]12:48:57.625531 resolver_server.go:121: Sending: {"TransactionID":"65075317","PaymentID":"1","Status":"found","AccountNumber":"12345678901","IFSCCode":"IFSC0001","HolderName":"Holder1"}
[RESOLVER]12:48:57.625732 resolver_server.go:121: Sending: {"TransactionID":"65075317","PaymentID":"2","Status":"found","AccountNumber":"12345678902","IFSCCode":"IFSC0002","HolderName":"Holder2"}
[RESOLVER]12:48:59.293786 resolver_server.go:115: Received: {"TransactionID":"75023244","PaymentID":"1","Type":"resolve"}
[RESOLVER]12:48:59.294348 resolver_server.go:86: Processing message: {"TransactionID":"75023244","PaymentID":"1","Type":"resolve"}
[RESOLVER]12:48:59.293906 resolver_server.go:115: Received: {"TransactionID":"75023244","PaymentID":"2","Type":"resolve"}
[RESOLVER]12:48:59.296779 resolver_server.go:86: Processing message: {"TransactionID":"75023244","PaymentID":"2","Type":"resolve"}
[RESOLVER]12:48:59.298094 resolver_server.go:121: Sending: {"TransactionID":"75023244","PaymentID":"2","Status":"found","AccountNumber":"12345678902","IFSCCode":"IFSC0002","HolderName":"Holder2"}
[RESOLVER]12:48:59.298338 resolver_server.go:121: Sending: {"TransactionID":"75023244","PaymentID":"1","Status":"found","AccountNumber":"12345678901","IFSCCode":"IFSC0001","HolderName":"Holder1"}
[RESOLVER]12:49:41.254593 resolver_server.go:115: Received: {"TransactionID":"73670355","PaymentID":"2","Type":"resolve"}
[RESOLVER]12:49:41.254986 resolver_server.go:86: Processing message: {"TransactionID":"73670355","PaymentID":"2","Type":"resolve"}
[RESOLVER]12:49:41.254870 resolver_server.go:115: Received: {"TransactionID":"73670355","PaymentID":"1","Type":"resolve"}
[RESOLVER]12:49:41.255734 resolver_server.go:86: Processing message: {"TransactionID":"73670355","PaymentID":"1","Type":"resolve"}
[RESOLVER]12:49:41.256418 resolver_server.go:121: Sending: {"TransactionID":"73670355","PaymentID":"1","Status":"found","AccountNumber":"12345678901","IFSCCode":"IFSC0001","HolderName":"Holder1"}
[RESOLVER]12:49:41.256488 resolver_server.go:121: Sending: {"TransactionID":"73670355","PaymentID":"2","Status":"found","AccountNumber":"12345678902","IFSCCode":"IFSC0002","HolderName":"Holder2"}
[RESOLVER]12:50:07.468173 resolver_server.go:115: Received: {"TransactionID":"85279362","PaymentID":"2","Type":"resolve"}
[RESOLVER]12:50:07.468534 resolver_server.go:86: Processing message: {"TransactionID":"85279362","PaymentID":"2","Type":"resolve"}
[RESOLVER]12:50:07.468205 resolver_server.go:115: Received: {"TransactionID":"85279362","PaymentID":"1","Type":"resolve"}
[RESOLVER]12:50:07.469730 resolver_server.go:86: Processing message: {"TransactionID":"85279362","PaymentID":"1","Type":"resolve"}
[RESOLVER]12:50:07.483244 resolver_server.go:121: Sending: {"TransactionID":"85279362","PaymentID":"1","Status":"found","AccountNumber":"12345678901","IFSCCode":"IFSC0001","HolderName":"Holder1"}
[RESOLVER]12:50:07.483802 resolver_server.go:121: Sending: {"TransactionID":"85279362","PaymentID":"2","Status":"found","AccountNumber":"12345678902","IFSCCode":"IFSC0002","HolderName":"Holder2"}
[RESOLVER]12:55:33.702620 resolver_server.go:115: Received: {"TransactionID":"86891521","PaymentID":"1","Type":"resolve"}
[RESOLVER]12:55:33.703290 resolver_server.go:86: Processing message: {"TransactionID":"86891521","PaymentID":"1","Type":"resolve"}
[RESOLVER]12:55:33.702639 resolver_server.go:115: Received: {"TransactionID":"86891521","PaymentID":"2","Type":"resolve"}
[RESOLVER]12:55:33.703993 resolver_server.go:86: Processing message: {"TransactionID":"86891521","PaymentID":"2","Type":"resolve"}
[RESOLVER]12:55:33.705822 resolver_server.go:121: Sending: {"TransactionID":"86891521","PaymentID":"1","Status":"found","AccountNumber":"12345678901","IFSCCode":"IFSC0001","HolderName":"Holder1"}
[RESOLVER]12:55:33.706004 resolver_server.go:121: Sending: {"TransactionID":"86891521","PaymentID":"2","Status":"found","AccountNumber":"12345678902","IFSCCode":"IFSC0002","HolderName":"Holder2"}
[RESOLVER]12:56:53.963234 resolver_server.go:115: Received: {"TransactionID":"36623180","PaymentID":"2","Type":"resolve"}
[RESOLVER]12:56:53.964188 resolver_server.go:86: Processing message: {"TransactionID":"36623180","PaymentID":"2","Type":"resolve"}
[RESOLVER]12:56:53.963570 resolver_server.go:115: Received: {"TransactionID":"36623180","PaymentID":"1","Type":"resolve"}
[RESOLVER]12:56:53.965142 resolver_server.go:86: Processing message: {"TransactionID":"36623180","PaymentID":"1","Type":"resolve"}
[RESOLVER]12:56:53.967271 resolver_server.go:121: Sending: {"TransactionID":"36623180","PaymentID":"1","Status":"found","AccountNumber":"12345678901","IFSCCode":"IFSC0001","HolderName":"Holder1"}
[RESOLVER]12:56:53.967588 resolver_server.go:121: Sending: {"TransactionID":"36623180","PaymentID":"2","Status":"found","AccountNumber":"12345678902","IFSCCode":"IFSC0002","HolderName":"Holder2"}
[RESOLVER]12:56:55.093582 resolver_server.go:115: Received: {"TransactionID":"78299152","PaymentID":"2","Type":"resolve"}
[RESOLVER]12:56:55.095952 resolver_server.go:86: Processing message: {"TransactionID":"78299152","PaymentID":"2","Type":"resolve"}
[RESOLVER]12:56:55.093697 resolver_server.go:115: Received: {"TransactionID":"78299152","PaymentID":"1","Type":"resolve"}
[RESOLVER]12:56:55.097101 resolver_server.go:86: Processing message: {"TransactionID":"78299152","PaymentID":"1","Type":"resolve"}
[RESOLVER]12:56:55.101961 resolver_server.go:121: Sending: {"TransactionID":"78299152","PaymentID":"1","Status":"found","AccountNumber":"12345678901","IFSCCode":"IFSC0001","HolderName":"Holder1"}
[RESOLVER]12:56:55.102315 resolver_server.go:121: Sending: {"TransactionID":"78299152","PaymentID":"2","Status":"found","AccountNumber":"12345678902","IFSCCode":"IFSC0002","HolderName":"Holder2"}
[RESOLVER]12:56:55.473186 resolver_server.go:115: Received: {"TransactionID":"65456777","PaymentID":"1","Type":"resolve"}
[RESOLVER]12:56:55.473562 resolver_server.go:86: Processing message: {"TransactionID":"65456777","PaymentID":"1","Type":"resolve"}
[RESOLVER]12:56:55.473186 resolver_server.go:115: Received: {"TransactionID":"65456777","PaymentID":"2","Type":"resolve"}
[RESOLVER]12:56:55.474750 resolver_server.go:86: Processing message: {"TransactionID":"65456777","PaymentID":"2","Type":"resolve"}
[RESOLVER]12:56:55.477488 resolver_server.go:121: Sending: {"TransactionID":"65456777","PaymentID":"2","Status":"found","AccountNumber":"12345678902","IFSCCode":"IFSC0002","HolderName":"Holder2"}
[RESOLVER]12:56:55.477939 resolver_server.go:121: Sending: {"TransactionID":"65456777","PaymentID":"1","Status":"found","AccountNumber":"12345678901","IFSCCode":"IFSC0001","HolderName":"Holder1"}
[RESOLVER]12:57:18.920565 resolver_server.go:115: Received: {"TransactionID":"44975417","PaymentID":"1","Type":"resolve"}
[RESOLVER]12:57:18.920936 resolver_server.go:86: Processing message: {"TransactionID":"44975417","PaymentID":"1","Type":"resolve"}
[RESOLVER]12:57:18.920668 resolver_server.go:115: Received: {"TransactionID":"44975417","PaymentID":"2","Type":"resolve"}
[RESOLVER]12:57:18.921926 resolver_server.go:86: Processing message: {"TransactionID":"44975417","PaymentID":"2","Type":"resolve"}
[RESOLVER]12:57:18.924959 resolver_server.go:121: Sending: {"TransactionID":"44975417","PaymentID":"2","Status":"found","AccountNumber":"12345678902","IFSCCode":"IFSC0002","HolderName":"Holder2"}
[RESOLVER]12:57:18.926951 resolver_server.go:121: Sending: {"TransactionID":"44975417","PaymentID":"1","Status":"found","AccountNumber":"12345678901","IFSCCode":"IFSC0001","HolderName":"Holder1"}
[RESOLVER]13:00:15.664819 resolver_server.go:115: Received: {"TransactionID":"25074115","PaymentID":"2","Type":"resolve"}
[RESOLVER]13:00:15.665651 resolver_server.go:86: Processing message: {"TransactionID":"25074115","PaymentID":"2","Type":"resolve"}
[RESOLVER]13:00:15.665217 resolver_server.go:115: Received: {"TransactionID":"25074115","PaymentID":"1","Type":"resolve"}
[RESOLVER]13:00:15.666621 resolver_server.go:86: Processing message: {"TransactionID":"25074115","PaymentID":"1","Type":"resolve"}
[RESOLVER]13:00:15.669214 resolver_server.go:121: Sending: {"TransactionID":"25074115","PaymentID":"1","Status":"found","AccountNumber":"12345678901","IFSCCode":"IFSC0001","HolderName":"Holder1"}
[RESOLVER]13:00:15.669572 resolver_server.go:121: Sending: {"TransactionID":"25074115","PaymentID":"2","Status":"found","AccountNumber":"12345678902","IFSCCode":"IFSC0002","HolderName":"Holder2"}
